<?xml version="1.0" encoding="UTF-8"?>
<testsuite name="org.example.AppTest" tests="1" skipped="0" failures="0" errors="0" timestamp="2025-10-29T19:10:04.455Z" hostname="DESKTOP-L98GRV0" time="0.081">
  <properties/>
  <testcase name="appHasAGreeting" classname="org.example.AppTest" time="0.081"/>
  <system-out><![CDATA[]]></system-out>
  <system-err><![CDATA[]]></system-err>
</testsuite>
